[2025-01-30T23:33:06.362+0000] {local_task_job_runner.py:123} INFO - ::group::Pre task execution logs
[2025-01-30T23:33:06.442+0000] {taskinstance.py:2613} INFO - Dependencies all met for dep_context=non-requeueable deps ti=<TaskInstance: etl_reporte_como_vamos.etl_ex_bbva manual__2025-01-30T23:33:02.297417+00:00 [queued]>
[2025-01-30T23:33:06.484+0000] {taskinstance.py:2613} INFO - Dependencies all met for dep_context=requeueable deps ti=<TaskInstance: etl_reporte_como_vamos.etl_ex_bbva manual__2025-01-30T23:33:02.297417+00:00 [queued]>
[2025-01-30T23:33:06.487+0000] {taskinstance.py:2866} INFO - Starting attempt 1 of 1
[2025-01-30T23:33:06.550+0000] {taskinstance.py:2889} INFO - Executing <Task(BashOperator): etl_ex_bbva> on 2025-01-30 23:33:02.297417+00:00
[2025-01-30T23:33:06.570+0000] {warnings.py:112} WARNING - /home/***/.local/lib/python3.12/site-packages/***/task/task_runner/standard_task_runner.py:70: DeprecationWarning: This process (pid=4355) is multi-threaded, use of fork() may lead to deadlocks in the child.
  pid = os.fork()

[2025-01-30T23:33:06.577+0000] {standard_task_runner.py:72} INFO - Started process 4356 to run task
[2025-01-30T23:33:06.577+0000] {standard_task_runner.py:104} INFO - Running: ['***', 'tasks', 'run', 'etl_reporte_como_vamos', 'etl_ex_bbva', 'manual__2025-01-30T23:33:02.297417+00:00', '--job-id', '28', '--raw', '--subdir', 'DAGS_FOLDER/etl_como_vamos_dag.py', '--cfg-path', '/tmp/tmpcvlev294']
[2025-01-30T23:33:06.588+0000] {standard_task_runner.py:105} INFO - Job 28: Subtask etl_ex_bbva
[2025-01-30T23:33:06.905+0000] {task_command.py:467} INFO - Running <TaskInstance: etl_reporte_como_vamos.etl_ex_bbva manual__2025-01-30T23:33:02.297417+00:00 [running]> on host f34597614f96
[2025-01-30T23:33:07.318+0000] {taskinstance.py:3132} INFO - Exporting env vars: AIRFLOW_CTX_DAG_OWNER='***' AIRFLOW_CTX_DAG_ID='etl_reporte_como_vamos' AIRFLOW_CTX_TASK_ID='etl_ex_bbva' AIRFLOW_CTX_EXECUTION_DATE='2025-01-30T23:33:02.297417+00:00' AIRFLOW_CTX_TRY_NUMBER='1' AIRFLOW_CTX_DAG_RUN_ID='manual__2025-01-30T23:33:02.297417+00:00'
[2025-01-30T23:33:07.322+0000] {taskinstance.py:731} INFO - ::endgroup::
[2025-01-30T23:33:07.397+0000] {subprocess.py:78} INFO - Tmp dir root location: /tmp
[2025-01-30T23:33:07.402+0000] {subprocess.py:88} INFO - Running command: ['/usr/bin/bash', '-c', 'python /opt/***/scripts/etl_ex_bbva.py']
[2025-01-30T23:33:07.450+0000] {subprocess.py:99} INFO - Output:
[2025-01-30T23:33:15.206+0000] {subprocess.py:106} INFO - ic| params: {'database': None, 'host': None, 'password': None, 'port': None, 'user': None}
[2025-01-30T23:33:15.263+0000] {subprocess.py:106} INFO - ic| params: {'database': None, 'host': None, 'password': None, 'port': None, 'user': None}
[2025-01-30T23:33:15.267+0000] {subprocess.py:106} INFO - Traceback (most recent call last):
[2025-01-30T23:33:15.269+0000] {subprocess.py:106} INFO -   File "/opt/***/scripts/assets/assets.py", line 87, in conexion_db
[2025-01-30T23:33:15.276+0000] {subprocess.py:106} INFO -     conexion = mysql.connector.connect(
[2025-01-30T23:33:15.278+0000] {subprocess.py:106} INFO -                ^^^^^^^^^^^^^^^^^^^^^^^^
[2025-01-30T23:33:15.279+0000] {subprocess.py:106} INFO -   File "/home/***/.local/lib/python3.12/site-packages/mysql/connector/pooling.py", line 322, in connect
[2025-01-30T23:33:15.280+0000] {subprocess.py:106} INFO -     return CMySQLConnection(*args, **kwargs)
[2025-01-30T23:33:15.282+0000] {subprocess.py:106} INFO -            ^^^^^^^^^^^^^^^^^^^^^^^^^^^^^^^^^
[2025-01-30T23:33:15.283+0000] {subprocess.py:106} INFO -   File "/home/***/.local/lib/python3.12/site-packages/mysql/connector/connection_cext.py", line 151, in __init__
[2025-01-30T23:33:15.284+0000] {subprocess.py:106} INFO -     self.connect(**kwargs)
[2025-01-30T23:33:15.285+0000] {subprocess.py:106} INFO -   File "/home/***/.local/lib/python3.12/site-packages/mysql/connector/abstracts.py", line 1423, in connect
[2025-01-30T23:33:15.286+0000] {subprocess.py:106} INFO -     self.config(**kwargs)
[2025-01-30T23:33:15.287+0000] {subprocess.py:106} INFO -   File "/home/***/.local/lib/python3.12/site-packages/mysql/connector/abstracts.py", line 693, in config
[2025-01-30T23:33:15.288+0000] {subprocess.py:106} INFO -     self._port = int(config["port"])
[2025-01-30T23:33:15.289+0000] {subprocess.py:106} INFO -                  ^^^^^^^^^^^^^^^^^^^
[2025-01-30T23:33:15.290+0000] {subprocess.py:106} INFO - TypeError: int() argument must be a string, a bytes-like object or a real number, not 'NoneType'
[2025-01-30T23:33:15.291+0000] {subprocess.py:106} INFO - 
[2025-01-30T23:33:15.293+0000] {subprocess.py:106} INFO - During handling of the above exception, another exception occurred:
[2025-01-30T23:33:15.294+0000] {subprocess.py:106} INFO - 
[2025-01-30T23:33:15.295+0000] {subprocess.py:106} INFO - Traceback (most recent call last):
[2025-01-30T23:33:15.296+0000] {subprocess.py:106} INFO -   File "/opt/***/scripts/etl_ex_bbva.py", line 29, in <module>
[2025-01-30T23:33:15.297+0000] {subprocess.py:106} INFO -     conn = conexion_db(params=params, type='mysql')
[2025-01-30T23:33:15.298+0000] {subprocess.py:106} INFO -            ^^^^^^^^^^^^^^^^^^^^^^^^^^^^^^^^^^^^^^^^
[2025-01-30T23:33:15.300+0000] {subprocess.py:106} INFO -   File "/opt/***/scripts/assets/assets.py", line 101, in conexion_db
[2025-01-30T23:33:15.301+0000] {subprocess.py:106} INFO -     error_type = type(e).__name__
[2025-01-30T23:33:15.302+0000] {subprocess.py:106} INFO -                  ^^^^^^^
[2025-01-30T23:33:15.303+0000] {subprocess.py:106} INFO - TypeError: 'str' object is not callable
[2025-01-30T23:33:15.555+0000] {subprocess.py:110} INFO - Command exited with return code 1
[2025-01-30T23:33:15.572+0000] {taskinstance.py:3311} ERROR - Task failed with exception
Traceback (most recent call last):
  File "/home/airflow/.local/lib/python3.12/site-packages/airflow/models/taskinstance.py", line 767, in _execute_task
    result = _execute_callable(context=context, **execute_callable_kwargs)
             ^^^^^^^^^^^^^^^^^^^^^^^^^^^^^^^^^^^^^^^^^^^^^^^^^^^^^^^^^^^^^
  File "/home/airflow/.local/lib/python3.12/site-packages/airflow/models/taskinstance.py", line 733, in _execute_callable
    return ExecutionCallableRunner(
           ^^^^^^^^^^^^^^^^^^^^^^^^
  File "/home/airflow/.local/lib/python3.12/site-packages/airflow/utils/operator_helpers.py", line 252, in run
    return self.func(*args, **kwargs)
           ^^^^^^^^^^^^^^^^^^^^^^^^^^
  File "/home/airflow/.local/lib/python3.12/site-packages/airflow/models/baseoperator.py", line 422, in wrapper
    return func(self, *args, **kwargs)
           ^^^^^^^^^^^^^^^^^^^^^^^^^^^
  File "/home/airflow/.local/lib/python3.12/site-packages/airflow/operators/bash.py", line 276, in execute
    raise AirflowException(
airflow.exceptions.AirflowException: Bash command failed. The command returned a non-zero exit code 1.
[2025-01-30T23:33:15.579+0000] {taskinstance.py:1225} INFO - Marking task as FAILED. dag_id=etl_reporte_como_vamos, task_id=etl_ex_bbva, run_id=manual__2025-01-30T23:33:02.297417+00:00, execution_date=20250130T233302, start_date=20250130T233306, end_date=20250130T233315
[2025-01-30T23:33:15.601+0000] {taskinstance.py:340} INFO - ::group::Post task execution logs
[2025-01-30T23:33:15.603+0000] {standard_task_runner.py:124} ERROR - Failed to execute job 28 for task etl_ex_bbva (Bash command failed. The command returned a non-zero exit code 1.; 4356)
Traceback (most recent call last):
  File "/home/airflow/.local/lib/python3.12/site-packages/airflow/task/task_runner/standard_task_runner.py", line 117, in _start_by_fork
    ret = args.func(args, dag=self.dag)
          ^^^^^^^^^^^^^^^^^^^^^^^^^^^^^
  File "/home/airflow/.local/lib/python3.12/site-packages/airflow/cli/cli_config.py", line 49, in command
    return func(*args, **kwargs)
           ^^^^^^^^^^^^^^^^^^^^^
  File "/home/airflow/.local/lib/python3.12/site-packages/airflow/utils/cli.py", line 116, in wrapper
    return f(*args, **kwargs)
           ^^^^^^^^^^^^^^^^^^
  File "/home/airflow/.local/lib/python3.12/site-packages/airflow/cli/commands/task_command.py", line 483, in task_run
    task_return_code = _run_task_by_selected_method(args, _dag, ti)
                       ^^^^^^^^^^^^^^^^^^^^^^^^^^^^^^^^^^^^^^^^^^^^
  File "/home/airflow/.local/lib/python3.12/site-packages/airflow/cli/commands/task_command.py", line 256, in _run_task_by_selected_method
    return _run_raw_task(args, ti)
           ^^^^^^^^^^^^^^^^^^^^^^^
  File "/home/airflow/.local/lib/python3.12/site-packages/airflow/cli/commands/task_command.py", line 341, in _run_raw_task
    return ti._run_raw_task(
           ^^^^^^^^^^^^^^^^^
  File "/home/airflow/.local/lib/python3.12/site-packages/airflow/utils/session.py", line 97, in wrapper
    return func(*args, session=session, **kwargs)
           ^^^^^^^^^^^^^^^^^^^^^^^^^^^^^^^^^^^^^^
  File "/home/airflow/.local/lib/python3.12/site-packages/airflow/models/taskinstance.py", line 3005, in _run_raw_task
    return _run_raw_task(
           ^^^^^^^^^^^^^^
  File "/home/airflow/.local/lib/python3.12/site-packages/airflow/models/taskinstance.py", line 273, in _run_raw_task
    TaskInstance._execute_task_with_callbacks(
  File "/home/airflow/.local/lib/python3.12/site-packages/airflow/models/taskinstance.py", line 3159, in _execute_task_with_callbacks
    result = self._execute_task(context, task_orig)
             ^^^^^^^^^^^^^^^^^^^^^^^^^^^^^^^^^^^^^^
  File "/home/airflow/.local/lib/python3.12/site-packages/airflow/models/taskinstance.py", line 3183, in _execute_task
    return _execute_task(self, context, task_orig)
           ^^^^^^^^^^^^^^^^^^^^^^^^^^^^^^^^^^^^^^^
  File "/home/airflow/.local/lib/python3.12/site-packages/airflow/models/taskinstance.py", line 767, in _execute_task
    result = _execute_callable(context=context, **execute_callable_kwargs)
             ^^^^^^^^^^^^^^^^^^^^^^^^^^^^^^^^^^^^^^^^^^^^^^^^^^^^^^^^^^^^^
  File "/home/airflow/.local/lib/python3.12/site-packages/airflow/models/taskinstance.py", line 733, in _execute_callable
    return ExecutionCallableRunner(
           ^^^^^^^^^^^^^^^^^^^^^^^^
  File "/home/airflow/.local/lib/python3.12/site-packages/airflow/utils/operator_helpers.py", line 252, in run
    return self.func(*args, **kwargs)
           ^^^^^^^^^^^^^^^^^^^^^^^^^^
  File "/home/airflow/.local/lib/python3.12/site-packages/airflow/models/baseoperator.py", line 422, in wrapper
    return func(self, *args, **kwargs)
           ^^^^^^^^^^^^^^^^^^^^^^^^^^^
  File "/home/airflow/.local/lib/python3.12/site-packages/airflow/operators/bash.py", line 276, in execute
    raise AirflowException(
airflow.exceptions.AirflowException: Bash command failed. The command returned a non-zero exit code 1.
[2025-01-30T23:33:15.619+0000] {local_task_job_runner.py:266} INFO - Task exited with return code 1
[2025-01-30T23:33:15.640+0000] {taskinstance.py:3895} INFO - 0 downstream tasks scheduled from follow-on schedule check
[2025-01-30T23:33:15.644+0000] {local_task_job_runner.py:245} INFO - ::endgroup::
